2020/12/02 14:23:57-844 [Thread-89] [ERROR] main.StringDecryption$ - Output.jar
2020/12/02 14:23:57-844 [Thread-89] [ERROR] main.StringDecryption$ - null
2020/12/02 14:23:57-844 [Thread-89] [ERROR] main.StringDecryption$ - sun.reflect.NativeMethodAccessorImpl.invoke0(Native Method)
sun.reflect.NativeMethodAccessorImpl.invoke(NativeMethodAccessorImpl.java:62)
sun.reflect.DelegatingMethodAccessorImpl.invoke(DelegatingMethodAccessorImpl.java:43)
java.lang.reflect.Method.invoke(Method.java:498)
analyses.SlicingAnalysis.tryInvoke(SlicingAnalysis.scala:1127)
analyses.SlicingAnalysis.callReflectiveMethod(SlicingAnalysis.scala:1084)
analyses.SlicingAnalysis.$anonfun$buildAndCallMethod$2(SlicingAnalysis.scala:796)
java.lang.Thread.run(Thread.java:748)
2020/12/02 14:23:57-867 [Thread-90] [ERROR] main.StringDecryption$ - Output.jar
2020/12/02 14:23:57-867 [Thread-90] [ERROR] main.StringDecryption$ - null
2020/12/02 14:23:57-867 [Thread-90] [ERROR] main.StringDecryption$ - sun.reflect.NativeMethodAccessorImpl.invoke0(Native Method)
sun.reflect.NativeMethodAccessorImpl.invoke(NativeMethodAccessorImpl.java:62)
sun.reflect.DelegatingMethodAccessorImpl.invoke(DelegatingMethodAccessorImpl.java:43)
java.lang.reflect.Method.invoke(Method.java:498)
analyses.SlicingAnalysis.tryInvoke(SlicingAnalysis.scala:1127)
analyses.SlicingAnalysis.callReflectiveMethod(SlicingAnalysis.scala:1084)
analyses.SlicingAnalysis.$anonfun$buildAndCallMethod$2(SlicingAnalysis.scala:796)
java.lang.Thread.run(Thread.java:748)
2020/12/02 14:23:57-884 [Thread-91] [ERROR] main.StringDecryption$ - Output.jar
2020/12/02 14:23:57-884 [Thread-91] [ERROR] main.StringDecryption$ - null
2020/12/02 14:23:57-884 [Thread-91] [ERROR] main.StringDecryption$ - sun.reflect.NativeMethodAccessorImpl.invoke0(Native Method)
sun.reflect.NativeMethodAccessorImpl.invoke(NativeMethodAccessorImpl.java:62)
sun.reflect.DelegatingMethodAccessorImpl.invoke(DelegatingMethodAccessorImpl.java:43)
java.lang.reflect.Method.invoke(Method.java:498)
analyses.SlicingAnalysis.tryInvoke(SlicingAnalysis.scala:1127)
analyses.SlicingAnalysis.callReflectiveMethod(SlicingAnalysis.scala:1084)
analyses.SlicingAnalysis.$anonfun$buildAndCallMethod$2(SlicingAnalysis.scala:796)
java.lang.Thread.run(Thread.java:748)
2020/12/02 14:23:58-85 [Thread-102] [ERROR] main.StringDecryption$ - Output.jar
2020/12/02 14:23:58-85 [Thread-102] [ERROR] main.StringDecryption$ - Duplicate method name "dummyConsumer0" with signature "(Ljava.lang.StringBuilder;)Ljava.lang.String;" in class file org/efalk/a/a
2020/12/02 14:23:58-85 [Thread-102] [ERROR] main.StringDecryption$ - java.lang.ClassLoader.defineClass1(Native Method)
java.lang.ClassLoader.defineClass(ClassLoader.java:756)
java.lang.ClassLoader.defineClass(ClassLoader.java:635)
org.opalj.util.InMemoryAndURLClassLoader.findClass(InMemoryClassLoader.scala:53)
java.lang.ClassLoader.loadClass(ClassLoader.java:418)
java.lang.ClassLoader.loadClass(ClassLoader.java:351)
analyses.SlicingAnalysis.callReflectiveMethod(SlicingAnalysis.scala:1059)
analyses.SlicingAnalysis.$anonfun$buildAndCallMethod$2(SlicingAnalysis.scala:796)
java.lang.Thread.run(Thread.java:748)
2020/12/02 14:23:58-122 [Thread-103] [ERROR] main.StringDecryption$ - Output.jar
2020/12/02 14:23:58-122 [Thread-103] [ERROR] main.StringDecryption$ - null
2020/12/02 14:23:58-122 [Thread-103] [ERROR] main.StringDecryption$ - sun.reflect.NativeMethodAccessorImpl.invoke0(Native Method)
sun.reflect.NativeMethodAccessorImpl.invoke(NativeMethodAccessorImpl.java:62)
sun.reflect.DelegatingMethodAccessorImpl.invoke(DelegatingMethodAccessorImpl.java:43)
java.lang.reflect.Method.invoke(Method.java:498)
analyses.SlicingAnalysis.tryInvoke(SlicingAnalysis.scala:1127)
analyses.SlicingAnalysis.callReflectiveMethod(SlicingAnalysis.scala:1084)
analyses.SlicingAnalysis.$anonfun$buildAndCallMethod$2(SlicingAnalysis.scala:796)
java.lang.Thread.run(Thread.java:748)
2020/12/02 14:23:58-222 [Thread-105] [ERROR] main.StringDecryption$ - Output.jar
2020/12/02 14:23:58-222 [Thread-105] [ERROR] main.StringDecryption$ - (class: org/efalk/rpncommon/j, method: i signature: ()Ljava/lang/String;) Accessing value from uninitialized register 1
2020/12/02 14:23:58-222 [Thread-105] [ERROR] main.StringDecryption$ - java.lang.Class.getDeclaredConstructors0(Native Method)
java.lang.Class.privateGetDeclaredConstructors(Class.java:2671)
java.lang.Class.getDeclaredConstructors(Class.java:2020)
analyses.SlicingAnalysis.callReflectiveMethod(SlicingAnalysis.scala:1062)
analyses.SlicingAnalysis.$anonfun$buildAndCallMethod$2(SlicingAnalysis.scala:796)
java.lang.Thread.run(Thread.java:748)
