project configuration
target method of invokespecial call in com.google.android.exoplayer2.trackselection.DefaultTrackSelector{ protected android.util.Pair a(com.google.android.exoplayer2.source.TrackGroupArray,int[][],com.google.android.exoplayer2.trackselection.DefaultTrackSelector$Parameters){ pc=7; INVOKESPECIAL(java.lang.Runtime{ void <init>(java.lang.String) }) - (this inconsistency may lead to useless/wrong results) } } cannot be resolved; supertype information is complete=true; missing supertype class file: <None>
project configuration
target method of invokespecial call in com.google.android.exoplayer2.k{ public void a(boolean){ pc=7; INVOKESPECIAL(java.lang.Runtime{ void <init>(java.lang.String) }) - (this inconsistency may lead to useless/wrong results) } } cannot be resolved; supertype information is complete=true; missing supertype class file: <None>
project configuration
target method of invokespecial call in com.google.android.exoplayer2.k{ private void a(boolean,boolean){ pc=7; INVOKESPECIAL(java.lang.Runtime{ void <init>(java.lang.String) }) - (this inconsistency may lead to useless/wrong results) } } cannot be resolved; supertype information is complete=true; missing supertype class file: <None>
project configuration
target method of invokespecial call in com.apalon.weatherlive.activity.fragment.settings.SettingsDisplayAdapter{ protected void c(com.apalon.weatherlive.activity.fragment.settings.SettingsDisplayAdapter$ViewHolder,int){ pc=7; INVOKESPECIAL(java.lang.Runtime{ void <init>(java.lang.String) }) - (this inconsistency may lead to useless/wrong results) } } cannot be resolved; supertype information is complete=true; missing supertype class file: <None>
project configuration
target method of invokespecial call in com.google.android.exoplayer2.k{ public void a(com.google.android.exoplayer2.source.q,boolean,boolean){ pc=7; INVOKESPECIAL(java.lang.Runtime{ void <init>(java.lang.String) }) - (this inconsistency may lead to useless/wrong results) } } cannot be resolved; supertype information is complete=true; missing supertype class file: <None>
project configuration
target method of invokespecial call in a.c.b.b$a{ public a.c.b.b$a a(boolean){ pc=6; INVOKESPECIAL(java.lang.Runtime{ void <init>(java.lang.String) }) - (this inconsistency may lead to useless/wrong results) } } cannot be resolved; supertype information is complete=true; missing supertype class file: <None>
project configuration
target method of invokespecial call in a.h.e.b{ public int delete(android.net.Uri,java.lang.String,java.lang.String[]){ pc=6; INVOKESPECIAL(java.lang.Runtime{ void <init>(java.lang.String) }) - (this inconsistency may lead to useless/wrong results) } } cannot be resolved; supertype information is complete=true; missing supertype class file: <None>
project configuration
target method of invokespecial call in androidx.appcompat.widget.ButtonBarLayout{ private void setStacked(boolean){ pc=6; INVOKESPECIAL(java.lang.Runtime{ void <init>(java.lang.String) }) - (this inconsistency may lead to useless/wrong results) } } cannot be resolved; supertype information is complete=true; missing supertype class file: <None>
project configuration
target method of invokespecial call in androidx.appcompat.app.AppCompatDelegateImpl$PanelFeatureState$SavedState{ public void writeToParcel(android.os.Parcel,int){ pc=6; INVOKESPECIAL(java.lang.Runtime{ void <init>(java.lang.String) }) - (this inconsistency may lead to useless/wrong results) } } cannot be resolved; supertype information is complete=true; missing supertype class file: <None>
project configuration
target method of invokespecial call in androidx.constraintlayout.widget.ConstraintLayout{ private void a(){ pc=6; INVOKESPECIAL(java.lang.Runtime{ void <init>(java.lang.String) }) - (this inconsistency may lead to useless/wrong results) } } cannot be resolved; supertype information is complete=true; missing supertype class file: <None>
project configuration
target method of invokespecial call in androidx.fragment.app.BackStackState{ public void writeToParcel(android.os.Parcel,int){ pc=6; INVOKESPECIAL(java.lang.Runtime{ void <init>(java.lang.String) }) - (this inconsistency may lead to useless/wrong results) } } cannot be resolved; supertype information is complete=true; missing supertype class file: <None>
project configuration
target method of invokespecial call in androidx.recyclerview.widget.LinearLayoutManager$SavedState{ public void writeToParcel(android.os.Parcel,int){ pc=6; INVOKESPECIAL(java.lang.Runtime{ void <init>(java.lang.String) }) - (this inconsistency may lead to useless/wrong results) } } cannot be resolved; supertype information is complete=true; missing supertype class file: <None>
project configuration
target method of invokespecial call in androidx.fragment.app.FragmentState{ public void writeToParcel(android.os.Parcel,int){ pc=6; INVOKESPECIAL(java.lang.Runtime{ void <init>(java.lang.String) }) - (this inconsistency may lead to useless/wrong results) } } cannot be resolved; supertype information is complete=true; missing supertype class file: <None>
project configuration
target method of invokespecial call in androidx.recyclerview.widget.StaggeredGridLayoutManager$SavedState{ public void writeToParcel(android.os.Parcel,int){ pc=6; INVOKESPECIAL(java.lang.Runtime{ void <init>(java.lang.String) }) - (this inconsistency may lead to useless/wrong results) } } cannot be resolved; supertype information is complete=true; missing supertype class file: <None>
project configuration
target method of invokespecial call in androidx.recyclerview.widget.StaggeredGridLayoutManager$LazySpanLookup$FullSpanItem{ public void writeToParcel(android.os.Parcel,int){ pc=6; INVOKESPECIAL(java.lang.Runtime{ void <init>(java.lang.String) }) - (this inconsistency may lead to useless/wrong results) } } cannot be resolved; supertype information is complete=true; missing supertype class file: <None>
project configuration
target method of invokespecial call in androidx.room.r.e$d{ public int hashCode(){ pc=6; INVOKESPECIAL(java.lang.Runtime{ void <init>(java.lang.String) }) - (this inconsistency may lead to useless/wrong results) } } cannot be resolved; supertype information is complete=true; missing supertype class file: <None>
project configuration
target method of invokespecial call in androidx.work.impl.background.systemjob.a{ private static android.app.job.JobInfo$TriggerContentUri a(androidx.work.d$a){ pc=6; INVOKESPECIAL(java.lang.Runtime{ void <init>(java.lang.String) }) - (this inconsistency may lead to useless/wrong results) } } cannot be resolved; supertype information is complete=true; missing supertype class file: <None>
project configuration
target method of invokespecial call in androidx.work.c{ public int hashCode(){ pc=6; INVOKESPECIAL(java.lang.Runtime{ void <init>(java.lang.String) }) - (this inconsistency may lead to useless/wrong results) } } cannot be resolved; supertype information is complete=true; missing supertype class file: <None>
project configuration
target method of invokespecial call in androidx.work.d$a{ public int hashCode(){ pc=6; INVOKESPECIAL(java.lang.Runtime{ void <init>(java.lang.String) }) - (this inconsistency may lead to useless/wrong results) } } cannot be resolved; supertype information is complete=true; missing supertype class file: <None>
project configuration
target method of invokespecial call in com.adjust.sdk.PackageBuilder{ public static void addBoolean(java.util.Map,java.lang.String,java.lang.Boolean){ pc=6; INVOKESPECIAL(java.lang.Runtime{ void <init>(java.lang.String) }) - (this inconsistency may lead to useless/wrong results) } } cannot be resolved; supertype information is complete=true; missing supertype class file: <None>
project configuration
target method of invokespecial call in com.airbnb.lottie.LottieAnimationView$SavedState{ public void writeToParcel(android.os.Parcel,int){ pc=6; INVOKESPECIAL(java.lang.Runtime{ void <init>(java.lang.String) }) - (this inconsistency may lead to useless/wrong results) } } cannot be resolved; supertype information is complete=true; missing supertype class file: <None>
project configuration
target method of invokespecial call in com.apalon.am3.model.Spot{ public void writeToParcel(android.os.Parcel,int){ pc=6; INVOKESPECIAL(java.lang.Runtime{ void <init>(java.lang.String) }) - (this inconsistency may lead to useless/wrong results) } } cannot be resolved; supertype information is complete=true; missing supertype class file: <None>
project configuration
target method of invokespecial call in com.apalon.android.transaction.manager.c.a.a{ public int hashCode(){ pc=6; INVOKESPECIAL(java.lang.Runtime{ void <init>(java.lang.String) }) - (this inconsistency may lead to useless/wrong results) } } cannot be resolved; supertype information is complete=true; missing supertype class file: <None>
project configuration
target method of invokespecial call in com.apalon.android.transaction.manager.db.a.c.b{ public int hashCode(){ pc=6; INVOKESPECIAL(java.lang.Runtime{ void <init>(java.lang.String) }) - (this inconsistency may lead to useless/wrong results) } } cannot be resolved; supertype information is complete=true; missing supertype class file: <None>
project configuration
target method of invokespecial call in com.apalon.android.transaction.manager.b.a{ public int hashCode(){ pc=6; INVOKESPECIAL(java.lang.Runtime{ void <init>(java.lang.String) }) - (this inconsistency may lead to useless/wrong results) } } cannot be resolved; supertype information is complete=true; missing supertype class file: <None>
project configuration
target method of invokespecial call in com.apalon.android.transaction.manager.d.b.b{ public int hashCode(){ pc=6; INVOKESPECIAL(java.lang.Runtime{ void <init>(java.lang.String) }) - (this inconsistency may lead to useless/wrong results) } } cannot be resolved; supertype information is complete=true; missing supertype class file: <None>
project configuration
target method of invokespecial call in com.apalon.weatherlive.data.provider.WeatherLiveFileProvider{ public int delete(android.net.Uri,java.lang.String,java.lang.String[]){ pc=6; INVOKESPECIAL(java.lang.Runtime{ void <init>(java.lang.String) }) - (this inconsistency may lead to useless/wrong results) } } cannot be resolved; supertype information is complete=true; missing supertype class file: <None>
project configuration
target method of invokespecial call in com.apalon.weatherlive.data.weather.o{ static long a(android.database.sqlite.SQLiteDatabase,com.apalon.weatherlive.data.weather.p){ pc=6; INVOKESPECIAL(java.lang.Runtime{ void <init>(java.lang.String) }) - (this inconsistency may lead to useless/wrong results) } } cannot be resolved; supertype information is complete=true; missing supertype class file: <None>
project configuration
target method of invokespecial call in com.apalon.weatherlive.featureintroduction.ui.e$b{ public int hashCode(){ pc=6; INVOKESPECIAL(java.lang.Runtime{ void <init>(java.lang.String) }) - (this inconsistency may lead to useless/wrong results) } } cannot be resolved; supertype information is complete=true; missing supertype class file: <None>
project configuration
target method of invokespecial call in com.apalon.weatherlive.wearable.common.data.WeatherData{ public void writeToParcel(android.os.Parcel,int){ pc=6; INVOKESPECIAL(java.lang.Runtime{ void <init>(java.lang.String) }) - (this inconsistency may lead to useless/wrong results) } } cannot be resolved; supertype information is complete=true; missing supertype class file: <None>
project configuration
target method of invokespecial call in com.apalon.weatherlive.wearable.common.data.ShortForecast{ public void writeToParcel(android.os.Parcel,int){ pc=6; INVOKESPECIAL(java.lang.Runtime{ void <init>(java.lang.String) }) - (this inconsistency may lead to useless/wrong results) } } cannot be resolved; supertype information is complete=true; missing supertype class file: <None>
project configuration
target method of invokespecial call in com.crashlytics.android.e.g{ public void a(boolean){ pc=6; INVOKESPECIAL(java.lang.Runtime{ void <init>(java.lang.String) }) - (this inconsistency may lead to useless/wrong results) } } cannot be resolved; supertype information is complete=true; missing supertype class file: <None>
project configuration
target method of invokespecial call in com.bumptech.glide.u.k{ public static int a(boolean,int){ pc=6; INVOKESPECIAL(java.lang.Runtime{ void <init>(java.lang.String) }) - (this inconsistency may lead to useless/wrong results) } } cannot be resolved; supertype information is complete=true; missing supertype class file: <None>
project configuration
target method of invokespecial call in com.facebook.a0{ private static void j(){ pc=6; INVOKESPECIAL(java.lang.Runtime{ void <init>(java.lang.String) }) - (this inconsistency may lead to useless/wrong results) } } cannot be resolved; supertype information is complete=true; missing supertype class file: <None>
project configuration
target method of invokespecial call in com.facebook.stetho.inspector.network.ResponseBodyFileManager{ public java.io.OutputStream openResponseBodyFile(java.lang.String,boolean){ pc=6; INVOKESPECIAL(java.lang.Runtime{ void <init>(java.lang.String) }) - (this inconsistency may lead to useless/wrong results) } } cannot be resolved; supertype information is complete=true; missing supertype class file: <None>
project configuration
target method of invokespecial call in com.google.android.exoplayer2.d0.g{ public static com.google.android.exoplayer2.d0.g$b a(com.google.android.exoplayer2.j0.s){ pc=6; INVOKESPECIAL(java.lang.Runtime{ void <init>(java.lang.String) }) - (this inconsistency may lead to useless/wrong results) } } cannot be resolved; supertype information is complete=true; missing supertype class file: <None>
project configuration
target method of invokespecial call in com.google.android.exoplayer2.f0.w.o$a{ private void a(int){ pc=6; INVOKESPECIAL(java.lang.Runtime{ void <init>(java.lang.String) }) - (this inconsistency may lead to useless/wrong results) } } cannot be resolved; supertype information is complete=true; missing supertype class file: <None>
project configuration
target method of invokespecial call in com.google.android.exoplayer2.f0.w.n$b{ private void a(int){ pc=6; INVOKESPECIAL(java.lang.Runtime{ void <init>(java.lang.String) }) - (this inconsistency may lead to useless/wrong results) } } cannot be resolved; supertype information is complete=true; missing supertype class file: <None>
project configuration
target method of invokespecial call in com.google.android.exoplayer2.j0.r{ public static com.google.android.exoplayer2.j0.r$b c(byte[],int,int){ pc=6; INVOKESPECIAL(java.lang.Runtime{ void <init>(java.lang.String) }) - (this inconsistency may lead to useless/wrong results) } } cannot be resolved; supertype information is complete=true; missing supertype class file: <None>
project configuration
target method of invokespecial call in com.google.android.exoplayer2.trackselection.DefaultTrackSelector$b{ public void <init>(com.google.android.exoplayer2.Format,com.google.android.exoplayer2.trackselection.DefaultTrackSelector$Parameters,int){ pc=6; INVOKESPECIAL(java.lang.Runtime{ void <init>(java.lang.String) }) - (this inconsistency may lead to useless/wrong results) } } cannot be resolved; supertype information is complete=true; missing supertype class file: <None>
project configuration
target method of invokespecial call in com.google.android.exoplayer2.u{ public int hashCode(){ pc=6; INVOKESPECIAL(java.lang.Runtime{ void <init>(java.lang.String) }) - (this inconsistency may lead to useless/wrong results) } } cannot be resolved; supertype information is complete=true; missing supertype class file: <None>
project configuration
target method of invokespecial call in com.google.android.gms.auth.api.signin.internal.HashAccumulator{ public com.google.android.gms.auth.api.signin.internal.HashAccumulator zaa(boolean){ pc=6; INVOKESPECIAL(java.lang.Runtime{ void <init>(java.lang.String) }) - (this inconsistency may lead to useless/wrong results) } } cannot be resolved; supertype information is complete=true; missing supertype class file: <None>
project configuration
target method of invokespecial call in com.google.android.gms.common.internal.safeparcel.SafeParcelWriter{ public static void writeBooleanObject(android.os.Parcel,int,java.lang.Boolean,boolean){ pc=6; INVOKESPECIAL(java.lang.Runtime{ void <init>(java.lang.String) }) - (this inconsistency may lead to useless/wrong results) } } cannot be resolved; supertype information is complete=true; missing supertype class file: <None>
project configuration
target method of invokespecial call in com.google.android.gms.common.internal.safeparcel.SafeParcelWriter{ public static void writeBoolean(android.os.Parcel,int,boolean){ pc=6; INVOKESPECIAL(java.lang.Runtime{ void <init>(java.lang.String) }) - (this inconsistency may lead to useless/wrong results) } } cannot be resolved; supertype information is complete=true; missing supertype class file: <None>
project configuration
target method of invokespecial call in com.google.android.gms.common.internal.safeparcel.SafeParcelWriter{ public static void writeBooleanList(android.os.Parcel,int,java.util.List,boolean){ pc=6; INVOKESPECIAL(java.lang.Runtime{ void <init>(java.lang.String) }) - (this inconsistency may lead to useless/wrong results) } } cannot be resolved; supertype information is complete=true; missing supertype class file: <None>
project configuration
target method of invokespecial call in a.h.l.d$a{ public int a(java.lang.CharSequence,int,int){ pc=6; INVOKESPECIAL(java.lang.Runtime{ void <init>(java.lang.String) }) - (this inconsistency may lead to useless/wrong results) } } cannot be resolved; supertype information is complete=true; missing supertype class file: <None>
project configuration
target method of invokespecial call in android.support.v4.media.session.IMediaSession$Stub{ public boolean onTransact(int,android.os.Parcel,android.os.Parcel,int){ pc=6; INVOKESPECIAL(java.lang.Runtime{ void <init>(java.lang.String) }) - (this inconsistency may lead to useless/wrong results) } } cannot be resolved; supertype information is complete=true; missing supertype class file: <None>
project configuration
target method of invokespecial call in androidx.versionedparcelable.b{ public void a(boolean){ pc=6; INVOKESPECIAL(java.lang.Runtime{ void <init>(java.lang.String) }) - (this inconsistency may lead to useless/wrong results) } } cannot be resolved; supertype information is complete=true; missing supertype class file: <None>
project configuration
target method of invokespecial call in androidx.appcompat.widget.Toolbar$SavedState{ public void writeToParcel(android.os.Parcel,int){ pc=6; INVOKESPECIAL(java.lang.Runtime{ void <init>(java.lang.String) }) - (this inconsistency may lead to useless/wrong results) } } cannot be resolved; supertype information is complete=true; missing supertype class file: <None>
project configuration
target method of invokespecial call in androidx.slidingpanelayout.widget.SlidingPaneLayout$SavedState{ public void writeToParcel(android.os.Parcel,int){ pc=6; INVOKESPECIAL(java.lang.Runtime{ void <init>(java.lang.String) }) - (this inconsistency may lead to useless/wrong results) } } cannot be resolved; supertype information is complete=true; missing supertype class file: <None>
project configuration
target method of invokespecial call in com.apalon.android.transaction.manager.net.data.ServerInAppVerification{ public int hashCode(){ pc=6; INVOKESPECIAL(java.lang.Runtime{ void <init>(java.lang.String) }) - (this inconsistency may lead to useless/wrong results) } } cannot be resolved; supertype information is complete=true; missing supertype class file: <None>
project configuration
target method of invokespecial call in com.apalon.android.transaction.manager.net.data.ServerSubscriptionVerification{ public int hashCode(){ pc=6; INVOKESPECIAL(java.lang.Runtime{ void <init>(java.lang.String) }) - (this inconsistency may lead to useless/wrong results) } } cannot be resolved; supertype information is complete=true; missing supertype class file: <None>
project configuration
target method of invokespecial call in com.apalon.android.transaction.manager.net.data.ServerSubscriptionVerificationData{ public int hashCode(){ pc=6; INVOKESPECIAL(java.lang.Runtime{ void <init>(java.lang.String) }) - (this inconsistency may lead to useless/wrong results) } } cannot be resolved; supertype information is complete=true; missing supertype class file: <None>
project configuration
target method of invokespecial call in com.apalon.android.transaction.manager.net.data.ServerInAppVerificationData{ public int hashCode(){ pc=6; INVOKESPECIAL(java.lang.Runtime{ void <init>(java.lang.String) }) - (this inconsistency may lead to useless/wrong results) } } cannot be resolved; supertype information is complete=true; missing supertype class file: <None>
project configuration
target method of invokespecial call in com.apalon.android.u.c.b{ public int hashCode(){ pc=6; INVOKESPECIAL(java.lang.Runtime{ void <init>(java.lang.String) }) - (this inconsistency may lead to useless/wrong results) } } cannot be resolved; supertype information is complete=true; missing supertype class file: <None>
project configuration
target method of invokespecial call in com.apalon.android.u.c.i{ public int hashCode(){ pc=6; INVOKESPECIAL(java.lang.Runtime{ void <init>(java.lang.String) }) - (this inconsistency may lead to useless/wrong results) } } cannot be resolved; supertype information is complete=true; missing supertype class file: <None>
project configuration
target method of invokespecial call in com.google.android.exoplayer2.source.t{ private void a(com.google.android.exoplayer2.source.t$a){ pc=6; INVOKESPECIAL(java.lang.Runtime{ void <init>(java.lang.String) }) - (this inconsistency may lead to useless/wrong results) } } cannot be resolved; supertype information is complete=true; missing supertype class file: <None>
project configuration
target method of invokespecial call in com.google.android.exoplayer2.f0.w.m{ public void a(com.google.android.exoplayer2.j0.t){ pc=6; INVOKESPECIAL(java.lang.Runtime{ void <init>(java.lang.String) }) - (this inconsistency may lead to useless/wrong results) } } cannot be resolved; supertype information is complete=true; missing supertype class file: <None>
project configuration
target method of invokespecial call in com.google.android.exoplayer2.ui.SubtitleView{ public void a(float,boolean){ pc=6; INVOKESPECIAL(java.lang.Runtime{ void <init>(java.lang.String) }) - (this inconsistency may lead to useless/wrong results) } } cannot be resolved; supertype information is complete=true; missing supertype class file: <None>
project configuration
target method of invokespecial call in com.google.android.exoplayer2.g0.d$f{ public void <init>(boolean){ pc=6; INVOKESPECIAL(java.lang.Runtime{ void <init>(java.lang.String) }) - (this inconsistency may lead to useless/wrong results) } } cannot be resolved; supertype information is complete=true; missing supertype class file: <None>
project configuration
target method of invokespecial call in com.google.android.exoplayer2.i0.t{ public static com.google.android.exoplayer2.i0.t$c a(boolean,long){ pc=6; INVOKESPECIAL(java.lang.Runtime{ void <init>(java.lang.String) }) - (this inconsistency may lead to useless/wrong results) } } cannot be resolved; supertype information is complete=true; missing supertype class file: <None>
project configuration
target method of invokespecial call in com.google.android.gms.common.api.BooleanResult{ public int hashCode(){ pc=6; INVOKESPECIAL(java.lang.Runtime{ void <init>(java.lang.String) }) - (this inconsistency may lead to useless/wrong results) } } cannot be resolved; supertype information is complete=true; missing supertype class file: <None>
project configuration
target method of invokespecial call in a.h.f.f{ public android.graphics.Typeface a(android.content.Context,android.os.CancellationSignal,a.h.k.b$f[],int){ pc=6; INVOKESPECIAL(java.lang.Runtime{ void <init>(java.lang.String) }) - (this inconsistency may lead to useless/wrong results) } } cannot be resolved; supertype information is complete=true; missing supertype class file: <None>
project configuration
target method of invokespecial call in androidx.work.impl.l.l$b{ public void a(a.s.a.f,androidx.work.impl.l.j){ pc=6; INVOKESPECIAL(java.lang.Runtime{ void <init>(java.lang.String) }) - (this inconsistency may lead to useless/wrong results) } } cannot be resolved; supertype information is complete=true; missing supertype class file: <None>
project configuration
target method of invokespecial call in com.ads.config.banner.c{ public int hashCode(){ pc=6; INVOKESPECIAL(java.lang.Runtime{ void <init>(java.lang.String) }) - (this inconsistency may lead to useless/wrong results) } } cannot be resolved; supertype information is complete=true; missing supertype class file: <None>
project configuration
target method of invokespecial call in com.ads.config.rewarded.c{ public int hashCode(){ pc=6; INVOKESPECIAL(java.lang.Runtime{ void <init>(java.lang.String) }) - (this inconsistency may lead to useless/wrong results) } } cannot be resolved; supertype information is complete=true; missing supertype class file: <None>
project configuration
target method of invokespecial call in a.h.f.f{ public android.graphics.Typeface a(android.content.Context,a.h.e.d.c$b,android.content.res.Resources,int){ pc=6; INVOKESPECIAL(java.lang.Runtime{ void <init>(java.lang.String) }) - (this inconsistency may lead to useless/wrong results) } } cannot be resolved; supertype information is complete=true; missing supertype class file: <None>
project configuration
target method of invokespecial call in com.apalon.android.transaction.manager.db.a.b.d$c{ public void a(a.s.a.f,com.apalon.android.transaction.manager.db.a.c.b){ pc=6; INVOKESPECIAL(java.lang.Runtime{ void <init>(java.lang.String) }) - (this inconsistency may lead to useless/wrong results) } } cannot be resolved; supertype information is complete=true; missing supertype class file: <None>
project configuration
target method of invokespecial call in com.ads.config.global.c{ public int hashCode(){ pc=6; INVOKESPECIAL(java.lang.Runtime{ void <init>(java.lang.String) }) - (this inconsistency may lead to useless/wrong results) } } cannot be resolved; supertype information is complete=true; missing supertype class file: <None>
project configuration
target method of invokespecial call in com.ads.config.nativ.c{ public int hashCode(){ pc=6; INVOKESPECIAL(java.lang.Runtime{ void <init>(java.lang.String) }) - (this inconsistency may lead to useless/wrong results) } } cannot be resolved; supertype information is complete=true; missing supertype class file: <None>
project configuration
target method of invokespecial call in com.ads.config.inter.d{ public int hashCode(){ pc=6; INVOKESPECIAL(java.lang.Runtime{ void <init>(java.lang.String) }) - (this inconsistency may lead to useless/wrong results) } } cannot be resolved; supertype information is complete=true; missing supertype class file: <None>
project configuration
target method of invokespecial call in com.apalon.android.transaction.manager.db.a.b.d$a{ public void a(a.s.a.f,com.apalon.android.transaction.manager.db.a.c.b){ pc=6; INVOKESPECIAL(java.lang.Runtime{ void <init>(java.lang.String) }) - (this inconsistency may lead to useless/wrong results) } } cannot be resolved; supertype information is complete=true; missing supertype class file: <None>
project configuration
target method of invokespecial call in com.google.android.exoplayer2.metadata.id3.ChapterTocFrame{ public int hashCode(){ pc=6; INVOKESPECIAL(java.lang.Runtime{ void <init>(java.lang.String) }) - (this inconsistency may lead to useless/wrong results) } } cannot be resolved; supertype information is complete=true; missing supertype class file: <None>
project configuration
target method of invokespecial call in a.a.n.g$b{ public void b(android.util.AttributeSet){ pc=7; INVOKESPECIAL(java.lang.Runtime{ void <init>(java.lang.String) }) - (this inconsistency may lead to useless/wrong results) } } cannot be resolved; supertype information is complete=true; missing supertype class file: <None>
project configuration
target method of invokespecial call in com.google.android.exoplayer2.j0.f0{ public static void a(android.os.Parcel,boolean){ pc=7; INVOKESPECIAL(java.lang.Runtime{ void <init>(java.lang.String) }) - (this inconsistency may lead to useless/wrong results) } } cannot be resolved; supertype information is complete=true; missing supertype class file: <None>
project configuration
target method of invokespecial call in com.apalon.weatherlive.notifications.report.d.b{ public int hashCode(){ pc=7; INVOKESPECIAL(java.lang.Runtime{ void <init>(java.lang.String) }) - (this inconsistency may lead to useless/wrong results) } } cannot be resolved; supertype information is complete=true; missing supertype class file: <None>
project configuration
target method of invokespecial call in com.apalon.weatherlive.f0{ public android.database.Cursor b(){ pc=7; INVOKESPECIAL(java.lang.Runtime{ void <init>(java.lang.String) }) - (this inconsistency may lead to useless/wrong results) } } cannot be resolved; supertype information is complete=true; missing supertype class file: <None>
project configuration
target method of invokespecial call in com.crashlytics.android.e.k{ private void a(f.a.a.a.n.g.q,boolean){ pc=7; INVOKESPECIAL(java.lang.Runtime{ void <init>(java.lang.String) }) - (this inconsistency may lead to useless/wrong results) } } cannot be resolved; supertype information is complete=true; missing supertype class file: <None>
project configuration
target method of invokespecial call in com.crashlytics.android.c.t{ private java.lang.Integer b(java.lang.String){ pc=7; INVOKESPECIAL(java.lang.Runtime{ void <init>(java.lang.String) }) - (this inconsistency may lead to useless/wrong results) } } cannot be resolved; supertype information is complete=true; missing supertype class file: <None>
project configuration
target method of invokespecial call in com.google.android.exoplayer2.trackselection.DefaultTrackSelector$Parameters{ public int hashCode(){ pc=7; INVOKESPECIAL(java.lang.Runtime{ void <init>(java.lang.String) }) - (this inconsistency may lead to useless/wrong results) } } cannot be resolved; supertype information is complete=true; missing supertype class file: <None>
project configuration
target method of invokespecial call in com.google.android.exoplayer2.k{ public void b(boolean){ pc=7; INVOKESPECIAL(java.lang.Runtime{ void <init>(java.lang.String) }) - (this inconsistency may lead to useless/wrong results) } } cannot be resolved; supertype information is complete=true; missing supertype class file: <None>
project configuration
target method of invokespecial call in com.google.android.exoplayer2.extractor.mp4.g{ private boolean e(com.google.android.exoplayer2.f0.h){ pc=7; INVOKESPECIAL(java.lang.Runtime{ void <init>(java.lang.String) }) - (this inconsistency may lead to useless/wrong results) } } cannot be resolved; supertype information is complete=true; missing supertype class file: <None>
project configuration
target method of invokestatic call in androidx.appcompat.widget.k$a{ public void a(android.graphics.Typeface){ pc=61; INVOKESTATIC(android.graphics.Typeface{ android.graphics.Typeface create(android.graphics.Typeface,int,boolean) }) - (this inconsistency may lead to useless/wrong results) } } cannot be resolved; supertype information is complete=true; missing supertype class file: <None>
project configuration
target method of invokestatic call in a.b.a.a.b{ private static android.os.Handler a(android.os.Looper){ pc=11; INVOKESTATIC(android.os.Handler{ android.os.Handler createAsync(android.os.Looper) }) - (this inconsistency may lead to useless/wrong results) } } cannot be resolved; supertype information is complete=true; missing supertype class file: <None>
project configuration
target method of invokestatic call in androidx.transition.l{ private static android.graphics.Bitmap a(android.view.View,android.graphics.Matrix,android.graphics.RectF,android.view.ViewGroup){ pc=237; INVOKESTATIC(android.graphics.Bitmap{ android.graphics.Bitmap createBitmap(android.graphics.Picture) }) - (this inconsistency may lead to useless/wrong results) } } cannot be resolved; supertype information is complete=true; missing supertype class file: <None>
project configuration
target method of invokestatic call in androidx.appcompat.widget.k{ private void a(android.content.Context,androidx.appcompat.widget.e0){ pc=370; INVOKESTATIC(android.graphics.Typeface{ android.graphics.Typeface create(android.graphics.Typeface,int,boolean) }) - (this inconsistency may lead to useless/wrong results) } } cannot be resolved; supertype information is complete=true; missing supertype class file: <None>
project configuration
target method of invokestatic call in androidx.appcompat.widget.k{ private void a(android.content.Context,androidx.appcompat.widget.e0){ pc=269; INVOKESTATIC(android.graphics.Typeface{ android.graphics.Typeface create(android.graphics.Typeface,int,boolean) }) - (this inconsistency may lead to useless/wrong results) } } cannot be resolved; supertype information is complete=true; missing supertype class file: <None>
project configuration
target method of invokespecial call in androidx.core.app.k{ void <init>(androidx.core.app.j$d){ pc=52; INVOKESPECIAL(android.app.Notification$Builder{ void <init>(android.content.Context,java.lang.String) }) - (this inconsistency may lead to useless/wrong results) } } cannot be resolved; supertype information is complete=true; missing supertype class file: <None>
